2018-07-27 10:41:19,671 - framework - INFO - 钉失败！
2018-07-27 10:43:40,513 - framework - INFO - 钉失败！
2018-07-27 10:43:43,162 - framework - INFO - 钉失败！
2018-07-27 10:43:45,815 - framework - INFO - 钉失败！
2018-07-27 10:43:48,505 - framework - INFO - 钉失败！
2018-07-27 10:43:51,177 - framework - INFO - 钉失败！
2018-07-27 10:43:53,866 - framework - INFO - 钉失败！
2018-07-27 10:43:56,546 - framework - INFO - 钉失败！
2018-07-27 10:43:59,259 - framework - INFO - 钉失败！
2018-07-27 10:44:01,937 - framework - INFO - 钉失败！
2018-07-27 11:43:45,602 - framework - INFO - 
2018-07-27 11:44:09,486 - framework - INFO - 经当前标题: 营当前标题: 情当前标题: 况当前标题: -当前标题: 合当前标题: 先当前标题: 升
2018-07-27 11:46:55,686 - framework - INFO - 钉失败！
2018-07-27 11:46:58,369 - framework - INFO - 钉失败！
2018-07-27 11:47:01,059 - framework - INFO - 钉失败！
2018-07-27 11:47:03,745 - framework - INFO - 钉失败！
2018-07-27 11:47:06,425 - framework - INFO - 钉失败！
2018-07-27 11:47:09,124 - framework - INFO - 钉失败！
2018-07-27 11:47:11,801 - framework - INFO - 钉失败！
2018-07-27 11:47:14,478 - framework - INFO - 钉失败！
2018-07-27 11:47:17,172 - framework - INFO - 钉失败！
2018-07-27 11:48:32,838 - framework - INFO - 钉失败！
2018-07-27 11:48:35,504 - framework - INFO - 钉失败！
2018-07-27 11:48:38,159 - framework - INFO - 钉失败！
2018-07-27 11:48:40,868 - framework - INFO - 钉失败！
2018-07-27 11:48:43,568 - framework - INFO - 钉失败！
2018-07-27 11:48:46,269 - framework - INFO - 钉失败！
2018-07-27 11:48:48,960 - framework - INFO - 钉失败！
2018-07-27 11:48:51,634 - framework - INFO - 钉失败！
2018-07-27 11:48:54,327 - framework - INFO - 钉失败！
2018-07-27 11:49:20,355 - framework - INFO - 当前标题: 经营情况-合先升
2018-07-27 11:50:28,193 - framework - INFO - 合同列表金额相同
2018-07-27 11:51:04,484 - framework - INFO - attach file E:\PythonTest\RuanBang\report/FTRport/20180727FT_webPC.htm
2018-07-27 11:51:09,597 - framework - INFO - 发送邮件"合先升自动化测试报告20180727"成功! 收件人：405367236@qq.com;506505739@qq.com;sengmitnick@163.com;dingj@yuandingyun.net。
