2018-07-31 10:12:13,111 - framework - INFO - 习近平提出的这份中国方案 不少国家想学习借鉴
2018-07-31 10:12:54,289 - framework - INFO - 加载中
2018-07-31 10:13:37,817 - framework - INFO - 钉钉
2018-07-31 10:14:53,991 - framework - INFO - 加载中
2018-07-31 10:15:33,739 - framework - INFO - 钉钉电话会议
2018-07-31 10:16:14,993 - framework - INFO - 高清视频会议
2018-07-31 10:16:57,260 - framework - INFO - 加载中
2018-07-31 10:17:36,189 - framework - INFO - 加载中
2018-07-31 10:18:13,702 - framework - INFO - 钉钉
2018-07-31 10:26:54,860 - framework - INFO - 习近平提出的这份中国方案 不少国家想学习借鉴
2018-07-31 10:27:23,355 - framework - INFO - 图们市脱贫攻坚公众号
2018-07-31 10:27:51,480 - framework - INFO - 钉钉
2018-07-31 10:28:21,840 - framework - INFO - 图们市脱贫攻坚公众号
2018-07-31 10:28:49,487 - framework - INFO - 钉钉电话会议
2018-07-31 10:29:16,681 - framework - INFO - 高清视频会议
2018-07-31 10:29:44,215 - framework - INFO - 基本情况
2018-07-31 10:30:10,595 - framework - INFO - 帮扶力量
2018-07-31 10:30:40,485 - framework - INFO - 帮扶计划
2018-07-31 10:43:22,947 - framework - INFO - 习近平提出的这份中国方案 不少国家想学习借鉴
2018-07-31 10:43:49,413 - framework - INFO - 图们市脱贫攻坚公众号
2018-07-31 10:44:18,219 - framework - INFO - 钉钉
2018-07-31 10:44:46,607 - framework - INFO - 图们市脱贫攻坚公众号
2018-07-31 10:45:14,865 - framework - INFO - 钉钉电话会议
2018-07-31 10:45:47,412 - framework - INFO - 高清视频会议
2018-07-31 10:46:15,103 - framework - INFO - 基本情况
2018-07-31 10:46:44,577 - framework - INFO - 帮扶力量
2018-07-31 10:47:14,149 - framework - INFO - 帮扶计划
2018-07-31 10:47:16,424 - framework - INFO - attach file E:\PythonTest\RuanBang\report/DDReport/20180731Dingtalk.htm
2018-07-31 10:47:17,996 - framework - INFO - 发送邮件"钉钉自定义主页自动化测试报告20180731"成功! 收件人：405367236@qq.com;bill.wang@softnation.cn;sengmitnick@163.com;dingj@yuandingyun.net;w.huang@softnation.cn;fortunearterial@dingtalk.com;zhoumeng9998@dingtalk.com。
