2018-08-09 09:49:16,261 - framework - INFO - return Rb.Pages.Page.s_pages['w0'].getControl('leftGrid').data;
2018-08-09 09:49:38,580 - framework - INFO - return Rb.Pages.Page.s_pages['w0'].getControl('leftGrid').data;
2018-08-09 09:49:47,793 - framework - INFO - 保存成功！
2018-08-09 09:50:29,594 - framework - INFO - 保存成功！
2018-08-09 09:50:53,291 - framework - INFO - 保存成功！
2018-08-09 09:51:23,053 - framework - INFO - 保存成功！
2018-08-09 09:51:51,797 - framework - INFO - attach file E:\PythonTest\RuanBang\report/HPRport/20180809FT_webPC.htm
2018-08-09 09:51:53,436 - framework - INFO - 发送邮件"主页定义自动化测试报告20180809"成功! 收件人：405367236@qq.com;。
2018-08-09 14:22:02,980 - framework - INFO - return Rb.Pages.Page.s_pages['w0'].getControl('leftGrid').data;
2018-08-09 14:22:25,817 - framework - INFO - return Rb.Pages.Page.s_pages['w0'].getControl('leftGrid').data;
2018-08-09 14:22:36,209 - framework - INFO - 保存成功！
2018-08-09 14:23:20,855 - framework - INFO - 保存成功！
2018-08-09 14:23:44,351 - framework - INFO - 保存成功！
2018-08-09 14:24:14,623 - framework - INFO - 保存成功！
2018-08-09 14:24:44,197 - framework - INFO - attach file E:\PythonTest\RuanBang\report/HPRport/20180809FT_webPC.htm
2018-08-09 14:24:45,799 - framework - INFO - 发送邮件"主页定义自动化测试报告20180809"成功! 收件人：405367236@qq.com;。
2018-08-09 16:13:38,467 - framework - INFO - attach file E:\PythonTest\RuanBang\report\FTRport\20180720FT_webPC.htm
2018-08-09 16:13:39,779 - framework - ERROR - 用户名密码验证失败！(535, b'Error: authentication failed')
Traceback (most recent call last):
  File "E:/PythonTest/RuanBang/public/mail.py", line 73, in send
    smtp_server.login(self.sender, self.password)  # 登录
  File "C:\Program Files\Python36\lib\smtplib.py", line 730, in login
    raise last_exception
  File "C:\Program Files\Python36\lib\smtplib.py", line 721, in login
    initial_response_ok=initial_response_ok)
  File "C:\Program Files\Python36\lib\smtplib.py", line 642, in auth
    raise SMTPAuthenticationError(code, resp)
smtplib.SMTPAuthenticationError: (535, b'Error: authentication failed')
2018-08-09 16:13:39,809 - framework - INFO - 发送邮件"自动化测试报告"成功! 收件人：405367236@qq.com。
2018-08-09 16:18:37,923 - framework - INFO - attach file E:\PythonTest\RuanBang\report\FTRport\20180720FT_webPC.htm
2018-08-09 16:18:38,375 - framework - INFO - 发送邮件"自动化测试报告"成功! 收件人：405367236@qq.com。
2018-08-09 16:23:16,577 - framework - INFO - attach file E:\PythonTest\RuanBang\report\FTRport\20180720FT_webPC.htm
2018-08-09 16:23:17,032 - framework - INFO - 发送邮件"自动化测试报告"成功! 收件人：405367236@qq.com。
2018-08-09 16:24:55,835 - framework - INFO - attach file E:\PythonTest\RuanBang\report/HPRport/20180809FT_webPC.htm
2018-08-09 16:24:57,249 - framework - INFO - 发送邮件"主页定义自动化测试报告20180809"成功! 收件人：405367236@qq.com。
2018-08-09 16:25:44,281 - framework - INFO - attach file E:\PythonTest\RuanBang\report/HPRport/20180809FT_webPC.htm
2018-08-09 16:25:45,144 - framework - INFO - 发送邮件"主页定义自动化测试报告20180809"成功! 收件人：405367236@qq.com;bill.wang@softnation.cn;sengmitnick@163.com;dingj@yuandingyun.net;w.huang@softnation.cn;fortunearterial@dingtalk.com;。
2018-08-09 16:26:35,483 - framework - INFO - attach file E:\PythonTest\RuanBang\report/HPRport/20180809FT_webPC.htm
2018-08-09 16:26:36,226 - framework - INFO - 发送邮件"主页定义自动化测试报告20180809"成功! 收件人：405367236@qq.com;bill.wang@softnation.cn;sengmitnick@163.com;dingj@yuandingyun.net;w.huang@softnation.cn;fortunearterial@dingtalk.com;。
2018-08-09 16:26:50,624 - framework - INFO - attach file E:\PythonTest\RuanBang\report/HPRport/20180809FT_webPC.htm
2018-08-09 16:26:51,387 - framework - INFO - 发送邮件"主页定义自动化测试报告20180809"成功! 收件人：405367236@qq.com;bill.wang@softnation.cn;sengmitnick@163.com;dingj@yuandingyun.net;w.huang@softnation.cn;fortunearterial@dingtalk.com。
2018-08-09 16:27:53,684 - framework - INFO - attach file E:\PythonTest\RuanBang\report/HPRport/20180809FT_webPC.htm
2018-08-09 16:32:38,950 - framework - INFO - attach file E:\PythonTest\RuanBang\report\FTRport\20180720FT_webPC.htm
2018-08-09 16:32:39,480 - framework - INFO - 发送邮件"自动化测试报告"成功! 收件人：405367236@qq.com;whonline08@126.com。
2018-08-09 16:33:35,681 - framework - INFO - attach file E:\PythonTest\RuanBang\report/HPRport/20180809FT_webPC.htm
2018-08-09 16:34:10,886 - framework - INFO - attach file E:\PythonTest\RuanBang\report/HPRport/20180809FT_webPC.htm
2018-08-09 16:34:26,057 - framework - INFO - attach file E:\PythonTest\RuanBang\report/HPRport/20180809FT_webPC.htm
2018-08-09 16:35:01,796 - framework - INFO - attach file E:\PythonTest\RuanBang\report/HPRport/20180809FT_webPC.htm
2018-08-09 16:36:57,539 - framework - INFO - attach file E:\PythonTest\RuanBang\report\FTRport\20180720FT_webPC.htm
2018-08-09 16:36:57,901 - framework - INFO - 发送邮件"自动化测试报告"成功! 收件人：405367236@qq.com;whonline08@126.com。
2018-08-09 16:37:34,983 - framework - INFO - attach file E:\PythonTest\RuanBang\report/HPRport/20180809FT_webPC.htm
2018-08-09 16:38:55,963 - framework - INFO - attach file E:\PythonTest\RuanBang\report/HPRport/20180809FT_webPC.htm
2018-08-09 16:40:10,437 - framework - INFO - attach file E:\PythonTest\RuanBang\report\HPRport\20180809FT_webPC.htm
2018-08-09 16:40:24,640 - framework - INFO - attach file E:\PythonTest\RuanBang\report\HPRport\20180809FT_webPC.htm
2018-08-09 16:41:28,892 - framework - INFO - attach file E:\PythonTest\RuanBang\report\HPRport\20180809FT_webPC.htm
2018-08-09 16:42:18,668 - framework - INFO - attach file E:\PythonTest\RuanBang\report\FTRport\20180720FT_webPC.htm
2018-08-09 16:42:51,269 - framework - INFO - attach file E:\PythonTest\RuanBang\report\FTRport\20180720FT_webPC.htm
2018-08-09 16:43:00,552 - framework - INFO - attach file E:\PythonTest\RuanBang\report\FTRport\20180720FT_webPC.htm
2018-08-09 16:43:12,415 - framework - INFO - attach file E:\PythonTest\RuanBang\report\FTRport\20180720FT_webPC.htm
2018-08-09 16:43:26,775 - framework - INFO - attach file E:\PythonTest\RuanBang\report\FTRport\20180720FT_webPC.htm
2018-08-09 16:43:27,103 - framework - ERROR - 用户名密码验证失败！(535, b'Error: authentication failed')
Traceback (most recent call last):
  File "E:/PythonTest/RuanBang/public/mail.py", line 73, in send
    smtp_server.login(self.sender, self.password)  # 登录
  File "C:\Program Files\Python36\lib\smtplib.py", line 730, in login
    raise last_exception
  File "C:\Program Files\Python36\lib\smtplib.py", line 721, in login
    initial_response_ok=initial_response_ok)
  File "C:\Program Files\Python36\lib\smtplib.py", line 642, in auth
    raise SMTPAuthenticationError(code, resp)
smtplib.SMTPAuthenticationError: (535, b'Error: authentication failed')
2018-08-09 16:43:27,134 - framework - INFO - 发送邮件"自动化测试报告"成功! 收件人：405367236@qq.com。
2018-08-09 16:44:05,016 - framework - INFO - attach file E:\PythonTest\RuanBang\report\FTRport\20180720FT_webPC.htm
2018-08-09 16:44:20,966 - framework - INFO - attach file E:\PythonTest\RuanBang\report\FTRport\20180720FT_webPC.htm
2018-08-09 16:44:21,392 - framework - INFO - 发送邮件"自动化测试报告"成功! 收件人：405367236@qq.com。
2018-08-09 16:45:02,732 - framework - INFO - attach file E:\PythonTest\RuanBang\report\FTRport\20180720FT_webPC.htm
2018-08-09 16:45:04,144 - framework - INFO - 发送邮件"自动化测试报告"成功! 收件人：405367236@qq.com;whonline08@126.com。
2018-08-09 16:46:01,328 - framework - INFO - attach file E:\PythonTest\RuanBang\report/HPRport/20180809FT_webPC.htm
2018-08-09 16:46:11,078 - framework - INFO - attach file E:\PythonTest\RuanBang\report\FTRport\20180720FT_webPC.htm
2018-08-09 16:46:11,493 - framework - INFO - 发送邮件"自动化测试报告"成功! 收件人：405367236@qq.com;whonline08@126.com。
2018-08-09 16:46:38,435 - framework - INFO - attach file E:\PythonTest\RuanBang\report\FTRport\20180720FT_webPC.htm
2018-08-09 16:46:38,854 - framework - INFO - 发送邮件"自动化测试报告"成功! 收件人：405367236@qq.com;whonline08@126.com。
2018-08-09 16:47:44,968 - framework - INFO - attach file E:\PythonTest\RuanBang\report\FTRport\20180720FT_webPC.htm
2018-08-09 16:47:45,562 - framework - INFO - 发送邮件"自动化测试报告"成功! 收件人：405367236@qq.com;whonline08@126.com。
2018-08-09 16:48:33,473 - framework - INFO - attach file E:\PythonTest\RuanBang\report\HPReport\20180809FT_webPC.htm
2018-08-09 16:50:51,967 - framework - INFO - attach file E:\PythonTest\RuanBang\report\FTRport\20180720FT_webPC.htm
2018-08-09 16:50:52,378 - framework - INFO - 发送邮件"自动化测试报告"成功! 收件人：405367236@qq.com;whonline08@126.com。
2018-08-09 16:51:12,983 - framework - INFO - attach file E:\PythonTest\RuanBang\report\HPReport\20180809FT_webPC.htm
2018-08-09 16:53:27,595 - framework - INFO - attach file E:\PythonTest\RuanBang\report\HPReport\20180809FT_webPC.htm
2018-08-09 16:54:01,934 - framework - INFO - attach file E:\PythonTest\RuanBang\report\HPReport\20180809FT_webPC.htm
2018-08-09 16:54:13,391 - framework - INFO - attach file E:\PythonTest\RuanBang\report\HPReport\20180809FT_webPC.htm
2018-08-09 16:54:21,273 - framework - INFO - attach file E:\PythonTest\RuanBang\report\HPReport\20180809FT_webPC.htm
2018-08-09 17:11:08,901 - framework - INFO - attach file E:\PythonTest\RuanBang\report\HPReport\20180809FT_webPC.htm
2018-08-09 17:11:24,596 - framework - INFO - attach file E:\PythonTest\RuanBang\report\FTRport\20180720FT_webPC.htm
2018-08-09 17:11:24,971 - framework - INFO - 发送邮件"自动化测试报告"成功! 收件人：405367236@qq.com;whonline08@126.com。
2018-08-09 17:12:38,505 - framework - INFO - attach file E:\PythonTest\RuanBang\report\FTReport\20180720FT_webPC.htm
2018-08-09 17:12:38,968 - framework - INFO - 发送邮件"自动化测试报告"成功! 收件人：405367236@qq.com;whonline08@126.com。
2018-08-09 17:13:14,447 - framework - INFO - attach file E:\PythonTest\RuanBang\report\HPReport\20180809FT_webPC.htm
2018-08-09 17:13:41,111 - framework - INFO - attach file E:\PythonTest\RuanBang\report\HPReport\20180809FT_webPC.htm
2018-08-09 17:13:53,668 - framework - INFO - attach file E:\PythonTest\RuanBang\report\HPReport\20180808FT_webPC.htm
2018-08-09 17:14:42,766 - framework - INFO - attach file E:\PythonTest\RuanBang\report\FTReport\20180808FT_webPC.htm
2018-08-09 17:15:38,209 - framework - INFO - attach file E:\PythonTest\RuanBang\report\FTReport\20180801FT_webPC.htm
2018-08-09 17:15:45,137 - framework - INFO - attach file E:\PythonTest\RuanBang\report\FTReport\20180720FT_webPC.htm
2018-08-09 17:15:45,574 - framework - INFO - 发送邮件"自动化测试报告"成功! 收件人：405367236@qq.com;whonline08@126.com。
2018-08-09 17:16:14,887 - framework - INFO - attach file E:\PythonTest\RuanBang\report\FTReport\20180721FT_webPC.htm
2018-08-09 17:17:50,283 - framework - INFO - attach file E:\PythonTest\RuanBang\report\FTReport\20180721FT_webPC.htm
2018-08-09 17:31:31,599 - framework - INFO - attach file E:\PythonTest\RuanBang\report\FTReport\20180721FT_webPC.htm
2018-08-09 17:31:34,401 - framework - INFO - 发送邮件"自动化测试报告"成功! 收件人：405367236@qq.com;whonline08@126.com。
2018-08-09 17:32:05,651 - framework - INFO - attach file E:\PythonTest\RuanBang\report\FTReport\20180727FT_webPC.htm
2018-08-09 17:32:07,300 - framework - INFO - 发送邮件"自动化测试报告"成功! 收件人：405367236@qq.com;whonline08@126.com。
2018-08-09 17:32:50,726 - framework - INFO - attach file E:\PythonTest\RuanBang\report\FTReport\20180727FT_webPC.htm
2018-08-09 17:32:52,180 - framework - INFO - 发送邮件"自动化测试报告"成功! 收件人：405367236@qq.com;whonline08@126.com。
2018-08-09 17:33:40,800 - framework - INFO - attach file E:\PythonTest\RuanBang\report\FTReport\20180801FT_webPC.htm
2018-08-09 17:33:41,500 - framework - INFO - 发送邮件"自动化测试报告"成功! 收件人：405367236@qq.com;whonline08@126.com。
2018-08-09 17:33:51,710 - framework - INFO - attach file E:\PythonTest\RuanBang\report\FTReport\20180808FT_webPC.htm
2018-08-09 17:33:52,151 - framework - INFO - 发送邮件"自动化测试报告"成功! 收件人：405367236@qq.com;whonline08@126.com。
2018-08-09 17:34:12,683 - framework - INFO - attach file E:\PythonTest\RuanBang\report\HPReport\20180808FT_webPC.htm
2018-08-09 17:34:13,148 - framework - INFO - 发送邮件"自动化测试报告"成功! 收件人：405367236@qq.com;whonline08@126.com。
2018-08-09 17:34:23,428 - framework - INFO - attach file E:\PythonTest\RuanBang\report\HPReport\20180809FT_webPC.htm
2018-08-09 17:34:32,846 - framework - INFO - attach file E:\PythonTest\RuanBang\report\HPReport\20180808FT_webPC.htm
2018-08-09 17:34:33,260 - framework - INFO - 发送邮件"自动化测试报告"成功! 收件人：405367236@qq.com;whonline08@126.com。
2018-08-09 17:35:50,265 - framework - INFO - attach file E:\PythonTest\RuanBang\report\HPReport\20180809FT_webPC.htm
2018-08-09 17:35:58,747 - framework - INFO - attach file E:\PythonTest\RuanBang\report\HPReport\20180808FT_webPC.htm
2018-08-09 17:36:32,215 - framework - INFO - attach file E:\PythonTest\RuanBang\report\HPReport\20180809FT_webPC.htm
2018-08-09 17:37:34,476 - framework - INFO - attach file E:\PythonTest\RuanBang\report\HPReport\20180809FT_webPC.htm
2018-08-09 17:37:36,547 - framework - INFO - 发送邮件"自动化测试报告"成功! 收件人：whonline08@126.com。
2018-08-09 17:41:06,779 - framework - INFO - attach file E:\PythonTest\RuanBang\report\HPReport\20180809FT_webPC.htm
2018-08-09 17:41:08,440 - framework - INFO - 发送邮件"自动化测试报告"成功! 收件人：whonline08@126.com。
2018-08-09 17:47:23,785 - framework - INFO - attach file E:\PythonTest\RuanBang\report\HPReport\20180809FT_webPC.htm
2018-08-09 17:47:26,494 - framework - INFO - 发送邮件"自动化测试报告"成功! 收件人：whonline08@126.com;bill.wang@softnation.cn;sengmitnick@163.com;dingj@yuandingyun.net;w.huang@softnation.cn;fortunearterial@dingtalk.com。
